{"/Users/lukas/Desktop/projekt_meetup_tdd/meetup_app/src/store/meetup/index.js": {"path":"/Users/lukas/Desktop/projekt_meetup_tdd/meetup_app/src/store/meetup/index.js","statementMap":{"0":{"start":{"line":5,"column":0},"end":{"line":5,"column":13}},"1":{"start":{"line":28,"column":6},"end":{"line":28,"column":35}},"2":{"start":{"line":31,"column":6},"end":{"line":31,"column":39}},"3":{"start":{"line":34,"column":21},"end":{"line":36,"column":8}},"4":{"start":{"line":35,"column":8},"end":{"line":35,"column":39}},"5":{"start":{"line":37,"column":6},"end":{"line":39,"column":7}},"6":{"start":{"line":38,"column":8},"end":{"line":38,"column":36}},"7":{"start":{"line":40,"column":6},"end":{"line":42,"column":7}},"8":{"start":{"line":41,"column":8},"end":{"line":41,"column":48}},"9":{"start":{"line":43,"column":6},"end":{"line":45,"column":7}},"10":{"start":{"line":44,"column":8},"end":{"line":44,"column":34}},"11":{"start":{"line":50,"column":6},"end":{"line":50,"column":31}},"12":{"start":{"line":51,"column":6},"end":{"line":72,"column":8}},"13":{"start":{"line":53,"column":24},"end":{"line":53,"column":26}},"14":{"start":{"line":54,"column":20},"end":{"line":54,"column":30}},"15":{"start":{"line":55,"column":8},"end":{"line":65,"column":9}},"16":{"start":{"line":56,"column":10},"end":{"line":64,"column":12}},"17":{"start":{"line":66,"column":8},"end":{"line":66,"column":43}},"18":{"start":{"line":67,"column":8},"end":{"line":67,"column":34}},"19":{"start":{"line":70,"column":8},"end":{"line":70,"column":26}},"20":{"start":{"line":71,"column":8},"end":{"line":71,"column":34}},"21":{"start":{"line":75,"column":6},"end":{"line":75,"column":31}},"22":{"start":{"line":76,"column":21},"end":{"line":82,"column":7}},"23":{"start":{"line":85,"column":6},"end":{"line":113,"column":10}},"24":{"start":{"line":87,"column":10},"end":{"line":87,"column":24}},"25":{"start":{"line":88,"column":10},"end":{"line":88,"column":20}},"26":{"start":{"line":91,"column":27},"end":{"line":91,"column":45}},"27":{"start":{"line":92,"column":22},"end":{"line":92,"column":63}},"28":{"start":{"line":93,"column":10},"end":{"line":93,"column":82}},"29":{"start":{"line":96,"column":10},"end":{"line":100,"column":12}},"30":{"start":{"line":98,"column":14},"end":{"line":98,"column":28}},"31":{"start":{"line":99,"column":14},"end":{"line":99,"column":92}},"32":{"start":{"line":103,"column":10},"end":{"line":107,"column":12}},"33":{"start":{"line":108,"column":10},"end":{"line":108,"column":36}},"34":{"start":{"line":111,"column":10},"end":{"line":111,"column":36}},"35":{"start":{"line":112,"column":10},"end":{"line":112,"column":28}},"36":{"start":{"line":117,"column":6},"end":{"line":117,"column":32}},"37":{"start":{"line":118,"column":24},"end":{"line":118,"column":26}},"38":{"start":{"line":119,"column":6},"end":{"line":121,"column":7}},"39":{"start":{"line":120,"column":8},"end":{"line":120,"column":39}},"40":{"start":{"line":122,"column":6},"end":{"line":124,"column":7}},"41":{"start":{"line":123,"column":8},"end":{"line":123,"column":51}},"42":{"start":{"line":125,"column":6},"end":{"line":127,"column":7}},"43":{"start":{"line":126,"column":8},"end":{"line":126,"column":37}},"44":{"start":{"line":128,"column":6},"end":{"line":136,"column":8}},"45":{"start":{"line":130,"column":8},"end":{"line":130,"column":35}},"46":{"start":{"line":131,"column":8},"end":{"line":131,"column":39}},"47":{"start":{"line":134,"column":8},"end":{"line":134,"column":26}},"48":{"start":{"line":135,"column":8},"end":{"line":135,"column":35}},"49":{"start":{"line":141,"column":6},"end":{"line":143,"column":8}},"50":{"start":{"line":142,"column":8},"end":{"line":142,"column":42}},"51":{"start":{"line":146,"column":4},"end":{"line":146,"column":43}},"52":{"start":{"line":149,"column":6},"end":{"line":153,"column":7}},"53":{"start":{"line":150,"column":8},"end":{"line":152,"column":10}},"54":{"start":{"line":151,"column":10},"end":{"line":151,"column":39}}},"fnMap":{"0":{"name":"(anonymous_0)","decl":{"start":{"line":27,"column":4},"end":{"line":27,"column":5}},"loc":{"start":{"line":27,"column":38},"end":{"line":29,"column":5}},"line":27},"1":{"name":"(anonymous_1)","decl":{"start":{"line":30,"column":4},"end":{"line":30,"column":5}},"loc":{"start":{"line":30,"column":34},"end":{"line":32,"column":5}},"line":30},"2":{"name":"(anonymous_2)","decl":{"start":{"line":33,"column":4},"end":{"line":33,"column":5}},"loc":{"start":{"line":33,"column":33},"end":{"line":46,"column":5}},"line":33},"3":{"name":"(anonymous_3)","decl":{"start":{"line":34,"column":46},"end":{"line":34,"column":47}},"loc":{"start":{"line":34,"column":56},"end":{"line":36,"column":7}},"line":34},"4":{"name":"(anonymous_4)","decl":{"start":{"line":49,"column":4},"end":{"line":49,"column":5}},"loc":{"start":{"line":49,"column":26},"end":{"line":73,"column":5}},"line":49},"5":{"name":"(anonymous_5)","decl":{"start":{"line":52,"column":12},"end":{"line":52,"column":13}},"loc":{"start":{"line":52,"column":22},"end":{"line":68,"column":7}},"line":52},"6":{"name":"(anonymous_6)","decl":{"start":{"line":69,"column":13},"end":{"line":69,"column":14}},"loc":{"start":{"line":69,"column":22},"end":{"line":72,"column":7}},"line":69},"7":{"name":"(anonymous_7)","decl":{"start":{"line":74,"column":4},"end":{"line":74,"column":5}},"loc":{"start":{"line":74,"column":46},"end":{"line":115,"column":5}},"line":74},"8":{"name":"(anonymous_8)","decl":{"start":{"line":86,"column":14},"end":{"line":86,"column":15}},"loc":{"start":{"line":86,"column":24},"end":{"line":89,"column":9}},"line":86},"9":{"name":"(anonymous_9)","decl":{"start":{"line":90,"column":14},"end":{"line":90,"column":15}},"loc":{"start":{"line":90,"column":21},"end":{"line":94,"column":9}},"line":90},"10":{"name":"(anonymous_10)","decl":{"start":{"line":95,"column":14},"end":{"line":95,"column":15}},"loc":{"start":{"line":95,"column":26},"end":{"line":101,"column":9}},"line":95},"11":{"name":"(anonymous_11)","decl":{"start":{"line":97,"column":16},"end":{"line":97,"column":17}},"loc":{"start":{"line":97,"column":23},"end":{"line":100,"column":11}},"line":97},"12":{"name":"(anonymous_12)","decl":{"start":{"line":102,"column":14},"end":{"line":102,"column":15}},"loc":{"start":{"line":102,"column":20},"end":{"line":109,"column":9}},"line":102},"13":{"name":"(anonymous_13)","decl":{"start":{"line":110,"column":15},"end":{"line":110,"column":16}},"loc":{"start":{"line":110,"column":26},"end":{"line":113,"column":9}},"line":110},"14":{"name":"(anonymous_14)","decl":{"start":{"line":116,"column":4},"end":{"line":116,"column":5}},"loc":{"start":{"line":116,"column":39},"end":{"line":137,"column":5}},"line":116},"15":{"name":"(anonymous_15)","decl":{"start":{"line":129,"column":12},"end":{"line":129,"column":13}},"loc":{"start":{"line":129,"column":18},"end":{"line":132,"column":7}},"line":129},"16":{"name":"(anonymous_16)","decl":{"start":{"line":133,"column":13},"end":{"line":133,"column":14}},"loc":{"start":{"line":133,"column":22},"end":{"line":136,"column":7}},"line":133},"17":{"name":"(anonymous_17)","decl":{"start":{"line":140,"column":4},"end":{"line":140,"column":5}},"loc":{"start":{"line":140,"column":26},"end":{"line":144,"column":5}},"line":140},"18":{"name":"(anonymous_18)","decl":{"start":{"line":141,"column":38},"end":{"line":141,"column":39}},"loc":{"start":{"line":141,"column":60},"end":{"line":143,"column":7}},"line":141},"19":{"name":"(anonymous_19)","decl":{"start":{"line":145,"column":4},"end":{"line":145,"column":5}},"loc":{"start":{"line":145,"column":37},"end":{"line":147,"column":5}},"line":145},"20":{"name":"(anonymous_20)","decl":{"start":{"line":148,"column":4},"end":{"line":148,"column":5}},"loc":{"start":{"line":148,"column":25},"end":{"line":154,"column":5}},"line":148},"21":{"name":"(anonymous_21)","decl":{"start":{"line":149,"column":13},"end":{"line":149,"column":14}},"loc":{"start":{"line":149,"column":27},"end":{"line":153,"column":7}},"line":149},"22":{"name":"(anonymous_22)","decl":{"start":{"line":150,"column":40},"end":{"line":150,"column":41}},"loc":{"start":{"line":150,"column":52},"end":{"line":152,"column":9}},"line":150}},"branchMap":{"0":{"loc":{"start":{"line":37,"column":6},"end":{"line":39,"column":7}},"type":"if","locations":[{"start":{"line":37,"column":6},"end":{"line":39,"column":7}},{"start":{"line":37,"column":6},"end":{"line":39,"column":7}}],"line":37},"1":{"loc":{"start":{"line":40,"column":6},"end":{"line":42,"column":7}},"type":"if","locations":[{"start":{"line":40,"column":6},"end":{"line":42,"column":7}},{"start":{"line":40,"column":6},"end":{"line":42,"column":7}}],"line":40},"2":{"loc":{"start":{"line":43,"column":6},"end":{"line":45,"column":7}},"type":"if","locations":[{"start":{"line":43,"column":6},"end":{"line":45,"column":7}},{"start":{"line":43,"column":6},"end":{"line":45,"column":7}}],"line":43},"3":{"loc":{"start":{"line":119,"column":6},"end":{"line":121,"column":7}},"type":"if","locations":[{"start":{"line":119,"column":6},"end":{"line":121,"column":7}},{"start":{"line":119,"column":6},"end":{"line":121,"column":7}}],"line":119},"4":{"loc":{"start":{"line":122,"column":6},"end":{"line":124,"column":7}},"type":"if","locations":[{"start":{"line":122,"column":6},"end":{"line":124,"column":7}},{"start":{"line":122,"column":6},"end":{"line":124,"column":7}}],"line":122},"5":{"loc":{"start":{"line":125,"column":6},"end":{"line":127,"column":7}},"type":"if","locations":[{"start":{"line":125,"column":6},"end":{"line":127,"column":7}},{"start":{"line":125,"column":6},"end":{"line":127,"column":7}}],"line":125}},"s":{"0":1,"1":0,"2":0,"3":0,"4":0,"5":0,"6":0,"7":0,"8":0,"9":0,"10":0,"11":0,"12":0,"13":0,"14":0,"15":0,"16":0,"17":0,"18":0,"19":0,"20":0,"21":0,"22":0,"23":0,"24":0,"25":0,"26":0,"27":0,"28":0,"29":0,"30":0,"31":0,"32":0,"33":0,"34":0,"35":0,"36":0,"37":0,"38":0,"39":0,"40":0,"41":0,"42":0,"43":0,"44":0,"45":0,"46":0,"47":0,"48":0,"49":0,"50":0,"51":0,"52":0,"53":0,"54":0},"f":{"0":0,"1":0,"2":0,"3":0,"4":0,"5":0,"6":0,"7":0,"8":0,"9":0,"10":0,"11":0,"12":0,"13":0,"14":0,"15":0,"16":0,"17":0,"18":0,"19":0,"20":0,"21":0,"22":0},"b":{"0":[0,0],"1":[0,0],"2":[0,0],"3":[0,0],"4":[0,0],"5":[0,0]},"_coverageSchema":"43e27e138ebf9cfc5966b082cf9a028302ed4184","hash":"d469d7ad0b0bbf2d5c39db36dc5489065c918187"}
,"/Users/lukas/Desktop/projekt_meetup_tdd/meetup_app/src/views/Meetup/CreateMeetup.vue": {"path":"/Users/lukas/Desktop/projekt_meetup_tdd/meetup_app/src/views/Meetup/CreateMeetup.vue","statementMap":{"0":{"start":{"line":89,"column":0},"end":{"line":89,"column":null}},"1":{"start":{"line":90,"column":0},"end":{"line":90,"column":null}},"2":{"start":{"line":101,"column":0},"end":{"line":101,"column":null}},"3":{"start":{"line":107,"column":0},"end":{"line":107,"column":null}},"4":{"start":{"line":108,"column":0},"end":{"line":116,"column":null}},"5":{"start":{"line":109,"column":0},"end":{"line":109,"column":null}},"6":{"start":{"line":110,"column":0},"end":{"line":110,"column":null}},"7":{"start":{"line":111,"column":0},"end":{"line":111,"column":null}},"8":{"start":{"line":112,"column":0},"end":{"line":112,"column":null}},"9":{"start":{"line":114,"column":0},"end":{"line":114,"column":null}},"10":{"start":{"line":115,"column":0},"end":{"line":115,"column":null}},"11":{"start":{"line":117,"column":0},"end":{"line":117,"column":null}},"12":{"start":{"line":118,"column":0},"end":{"line":118,"column":null}},"13":{"start":{"line":123,"column":0},"end":{"line":125,"column":null}},"14":{"start":{"line":124,"column":0},"end":{"line":124,"column":null}},"15":{"start":{"line":126,"column":0},"end":{"line":128,"column":null}},"16":{"start":{"line":127,"column":0},"end":{"line":127,"column":null}},"17":{"start":{"line":129,"column":0},"end":{"line":129,"column":null}},"18":{"start":{"line":136,"column":0},"end":{"line":136,"column":null}},"19":{"start":{"line":137,"column":0},"end":{"line":137,"column":null}},"20":{"start":{"line":140,"column":0},"end":{"line":140,"column":null}},"21":{"start":{"line":143,"column":0},"end":{"line":143,"column":null}},"22":{"start":{"line":144,"column":0},"end":{"line":144,"column":null}},"23":{"start":{"line":145,"column":0},"end":{"line":147,"column":null}},"24":{"start":{"line":146,"column":0},"end":{"line":146,"column":null}},"25":{"start":{"line":148,"column":0},"end":{"line":148,"column":null}},"26":{"start":{"line":149,"column":0},"end":{"line":151,"column":null}},"27":{"start":{"line":150,"column":0},"end":{"line":150,"column":null}},"28":{"start":{"line":152,"column":0},"end":{"line":152,"column":null}},"29":{"start":{"line":153,"column":0},"end":{"line":153,"column":null}}},"fnMap":{"0":{"name":"(anonymous_1)","decl":{"start":{"line":89,"column":0},"end":{"line":89,"column":null}},"loc":{"start":{"line":89,"column":0},"end":{"line":89,"column":null}}},"1":{"name":"(anonymous_2)","decl":{"start":{"line":90,"column":0},"end":{"line":90,"column":null}},"loc":{"start":{"line":90,"column":0},"end":{"line":90,"column":null}}},"2":{"name":"(anonymous_3)","decl":{"start":{"line":100,"column":0},"end":{"line":100,"column":null}},"loc":{"start":{"line":100,"column":0},"end":{"line":105,"column":null}}},"3":{"name":"(anonymous_4)","decl":{"start":{"line":106,"column":0},"end":{"line":106,"column":null}},"loc":{"start":{"line":106,"column":0},"end":{"line":119,"column":null}}},"4":{"name":"(anonymous_5)","decl":{"start":{"line":122,"column":0},"end":{"line":122,"column":null}},"loc":{"start":{"line":122,"column":0},"end":{"line":138,"column":null}}},"5":{"name":"(anonymous_6)","decl":{"start":{"line":139,"column":0},"end":{"line":139,"column":null}},"loc":{"start":{"line":139,"column":0},"end":{"line":141,"column":null}}},"6":{"name":"(anonymous_7)","decl":{"start":{"line":142,"column":0},"end":{"line":142,"column":null}},"loc":{"start":{"line":142,"column":0},"end":{"line":154,"column":null}}},"7":{"name":"(anonymous_8)","decl":{"start":{"line":149,"column":0},"end":{"line":149,"column":null}},"loc":{"start":{"line":149,"column":0},"end":{"line":151,"column":null}}}},"branchMap":{"0":{"loc":{"start":{"line":90,"column":0},"end":{"line":90,"column":null}},"type":"binary-expr","locations":[{"start":{"line":90,"column":0},"end":{"line":90,"column":null}},{"start":{"line":90,"column":0},"end":{"line":90,"column":null}}]},"1":{"loc":{"start":{"line":101,"column":0},"end":{"line":101,"column":null}},"type":"binary-expr","locations":[{"start":{"line":101,"column":0},"end":{"line":101,"column":null}},{"start":{"line":101,"column":0},"end":{"line":101,"column":null}},{"start":{"line":101,"column":0},"end":{"line":101,"column":null}},{"start":{"line":101,"column":0},"end":{"line":101,"column":null}}]},"2":{"loc":{"start":{"line":108,"column":0},"end":{"line":116,"column":null}},"type":"if","locations":[{"start":{"line":108,"column":0},"end":{"line":116,"column":null}},{"start":{"line":108,"column":0},"end":{"line":116,"column":null}}]},"3":{"loc":{"start":{"line":123,"column":0},"end":{"line":125,"column":null}},"type":"if","locations":[{"start":{"line":123,"column":0},"end":{"line":125,"column":null}},{"start":{"line":123,"column":0},"end":{"line":125,"column":null}}]},"4":{"loc":{"start":{"line":126,"column":0},"end":{"line":128,"column":null}},"type":"if","locations":[{"start":{"line":126,"column":0},"end":{"line":128,"column":null}},{"start":{"line":126,"column":0},"end":{"line":128,"column":null}}]},"5":{"loc":{"start":{"line":145,"column":0},"end":{"line":147,"column":null}},"type":"if","locations":[{"start":{"line":145,"column":0},"end":{"line":147,"column":null}},{"start":{"line":145,"column":0},"end":{"line":147,"column":null}}]}},"s":{"0":1,"1":0,"2":1,"3":0,"4":0,"5":0,"6":0,"7":0,"8":0,"9":0,"10":0,"11":0,"12":0,"13":0,"14":0,"15":0,"16":0,"17":0,"18":0,"19":0,"20":0,"21":0,"22":0,"23":0,"24":0,"25":0,"26":0,"27":0,"28":0,"29":0},"f":{"0":1,"1":0,"2":1,"3":0,"4":0,"5":0,"6":0,"7":0},"b":{"0":[0,0],"1":[1,0,0,0],"2":[0,0],"3":[0,0],"4":[0,0],"5":[0,0]}}
}
