TN:
SF:/Users/lukas/Desktop/projekt_meetup_tdd/meetup_app/src/store/meetup/index.js
FN:27,(anonymous_0)
FN:30,(anonymous_1)
FN:33,(anonymous_2)
FN:34,(anonymous_3)
FN:49,(anonymous_4)
FN:52,(anonymous_5)
FN:69,(anonymous_6)
FN:74,(anonymous_7)
FN:86,(anonymous_8)
FN:90,(anonymous_9)
FN:95,(anonymous_10)
FN:97,(anonymous_11)
FN:102,(anonymous_12)
FN:110,(anonymous_13)
FN:116,(anonymous_14)
FN:129,(anonymous_15)
FN:133,(anonymous_16)
FN:140,(anonymous_17)
FN:141,(anonymous_18)
FN:145,(anonymous_19)
FN:148,(anonymous_20)
FN:149,(anonymous_21)
FN:150,(anonymous_22)
FNF:23
FNH:0
FNDA:0,(anonymous_0)
FNDA:0,(anonymous_1)
FNDA:0,(anonymous_2)
FNDA:0,(anonymous_3)
FNDA:0,(anonymous_4)
FNDA:0,(anonymous_5)
FNDA:0,(anonymous_6)
FNDA:0,(anonymous_7)
FNDA:0,(anonymous_8)
FNDA:0,(anonymous_9)
FNDA:0,(anonymous_10)
FNDA:0,(anonymous_11)
FNDA:0,(anonymous_12)
FNDA:0,(anonymous_13)
FNDA:0,(anonymous_14)
FNDA:0,(anonymous_15)
FNDA:0,(anonymous_16)
FNDA:0,(anonymous_17)
FNDA:0,(anonymous_18)
FNDA:0,(anonymous_19)
FNDA:0,(anonymous_20)
FNDA:0,(anonymous_21)
FNDA:0,(anonymous_22)
DA:5,1
DA:28,0
DA:31,0
DA:34,0
DA:35,0
DA:37,0
DA:38,0
DA:40,0
DA:41,0
DA:43,0
DA:44,0
DA:50,0
DA:51,0
DA:53,0
DA:54,0
DA:55,0
DA:56,0
DA:66,0
DA:67,0
DA:70,0
DA:71,0
DA:75,0
DA:76,0
DA:85,0
DA:87,0
DA:88,0
DA:91,0
DA:92,0
DA:93,0
DA:96,0
DA:98,0
DA:99,0
DA:103,0
DA:108,0
DA:111,0
DA:112,0
DA:117,0
DA:118,0
DA:119,0
DA:120,0
DA:122,0
DA:123,0
DA:125,0
DA:126,0
DA:128,0
DA:130,0
DA:131,0
DA:134,0
DA:135,0
DA:141,0
DA:142,0
DA:146,0
DA:149,0
DA:150,0
DA:151,0
LF:55
LH:1
BRDA:37,0,0,0
BRDA:37,0,1,0
BRDA:40,1,0,0
BRDA:40,1,1,0
BRDA:43,2,0,0
BRDA:43,2,1,0
BRDA:119,3,0,0
BRDA:119,3,1,0
BRDA:122,4,0,0
BRDA:122,4,1,0
BRDA:125,5,0,0
BRDA:125,5,1,0
BRF:12
BRH:0
end_of_record
TN:
SF:/Users/lukas/Desktop/projekt_meetup_tdd/meetup_app/src/views/Meetup/CreateMeetup.vue
FN:89,(anonymous_1)
FN:90,(anonymous_2)
FN:100,(anonymous_3)
FN:106,(anonymous_4)
FN:122,(anonymous_5)
FN:139,(anonymous_6)
FN:142,(anonymous_7)
FN:149,(anonymous_8)
FNF:8
FNH:2
FNDA:1,(anonymous_1)
FNDA:0,(anonymous_2)
FNDA:1,(anonymous_3)
FNDA:0,(anonymous_4)
FNDA:0,(anonymous_5)
FNDA:0,(anonymous_6)
FNDA:0,(anonymous_7)
FNDA:0,(anonymous_8)
DA:89,1
DA:90,0
DA:101,1
DA:107,0
DA:108,0
DA:109,0
DA:110,0
DA:111,0
DA:112,0
DA:114,0
DA:115,0
DA:117,0
DA:118,0
DA:123,0
DA:124,0
DA:126,0
DA:127,0
DA:129,0
DA:136,0
DA:137,0
DA:140,0
DA:143,0
DA:144,0
DA:145,0
DA:146,0
DA:148,0
DA:149,0
DA:150,0
DA:152,0
DA:153,0
LF:30
LH:2
BRDA:90,0,0,0
BRDA:90,0,1,0
BRDA:101,1,0,1
BRDA:101,1,1,0
BRDA:101,1,2,0
BRDA:101,1,3,0
BRDA:108,2,0,0
BRDA:108,2,1,0
BRDA:123,3,0,0
BRDA:123,3,1,0
BRDA:126,4,0,0
BRDA:126,4,1,0
BRDA:145,5,0,0
BRDA:145,5,1,0
BRF:14
BRH:1
end_of_record
